<?xml version="1.0" encoding="UTF-8"?>
<testng-results ignored="0" total="1" passed="1" failed="0" skipped="0">
  <reporter-output>
    <line>
      <![CDATA[opening Raymond]]>
    </line>
  </reporter-output>
  <suite started-at="2023-08-09T10:30:41 PDT" name="Suite" finished-at="2023-08-09T10:31:01 PDT" duration-ms="19548">
    <groups>
    </groups>
    <test started-at="2023-08-09T10:30:41 PDT" name="Test" finished-at="2023-08-09T10:31:01 PDT" duration-ms="19548">
      <class name="clothingStore.Raymond">
        <test-method signature="RaymondTest()[pri:0, instance:clothingStore.Raymond@77888435]" started-at="2023-08-09T10:30:41 PDT" name="RaymondTest" finished-at="2023-08-09T10:31:01 PDT" duration-ms="19434" status="PASS">
          <reporter-output>
            <line>
              <![CDATA[opening Raymond]]>
            </line>
          </reporter-output>
        </test-method> <!-- RaymondTest -->
      </class> <!-- clothingStore.Raymond -->
    </test> <!-- Test -->
  </suite> <!-- Suite -->
</testng-results>
